INFO:root:#------------------------------------------------------------------
INFO:root:The script name is blast_setup.py
INFO:root:The date and time is currently Mon Apr 24 01:07:28 PM 2017
INFO:root:#------------------------------------------------------------------
INFO:root:PART 1
INFO:root:Download and update the refseq_rna blast database.
INFO:root:The databases/refseq_rna_db directory was created.
INFO:root:Successful FTP login.
INFO:root:Something went wrong.
INFO:root:#------------------------------------------------------------------
INFO:root:#------------------------------------------------------------------
INFO:root:PART 2
INFO:root:Create a list of taxonomy ids based on the organisms list.
INFO:root:This is the id list:  ['9606', '9544', '10090', '10116', '9646', '37293', '9913', '9483', '9838', '9615', '9925', '10141', '73337', '9531', '34839', '60711', '185453', '143302', '10029', '9361', '10020', '9371', '28737', '29078', '9796', '9365', '9685', '482537', '9595', '10181', '43179', '51337', '9785', '9541', '9545', '9568', '9974', '10036', '30608', '79684', '291302', '13616', '9669', '1026970', '61853', '9978', '10160', '9708', '9733', '9986', '30611', '9940', '9597', '9598', '9555', '9601', '379532', '132908', '61622', '9407', '39432', '42254', '9823', '127582', '246437', '9739']
INFO:root:There are the same number of taxonomy ids as organisms.
INFO:root:Your file taxids.csv has been saved.
INFO:root:#------------------------------------------------------------------
INFO:root:PART 3
INFO:root:Create a csv file with only human accessions and genes for downstream usage.
INFO:root:homo_sapiens_accessions.csv file was created.
INFO:root:The script has finished.
INFO:root:#------------------------------------------------------------------
INFO:root:#------------------------------------------------------------------
INFO:root:#------------------------------------------------------------------
